2024-04-30 14:24:33,738 [Worker-4: Loading available Gradle versions] INFO  o.e.b.c.i.u.g.PublishedGradleVersions - Gradle version information cache is up-to-date. Trying to read.
2024-05-02 10:20:31,643 [Worker-1: Loading available Gradle versions] INFO  o.e.b.c.i.u.g.PublishedGradleVersions - Gradle version information cache is out-of-date. Trying to update.
2024-05-02 10:59:59,941 [Worker-1: Loading available Gradle versions] INFO  o.e.b.c.i.u.g.PublishedGradleVersions - Gradle version information cache is up-to-date. Trying to read.
2024-05-02 11:00:41,930 [Worker-9: Importing Maven projects] INFO  o.e.m.c.i.l.LifecycleMappingFactory - Using org.eclipse.m2e.jdt.JarLifecycleMapping lifecycle mapping for MavenProject: com.salesianostriana.dam:pilaraguilartiendaonline01:0.0.1-SNAPSHOT @ C:\Users\aguilar.dimar23_tria\Desktop\MythosaurShop\WorkSpaceMS\PilarAguilarTiendaOnline01\pom.xml.
2024-05-02 11:00:42,654 [Worker-9: Importing Maven projects] INFO  o.e.m.c.i.l.LifecycleMappingFactory - Using org.eclipse.m2e.jdt.JarLifecycleMapping lifecycle mapping for MavenProject: com.salesianostriana.dam:prueba01:0.0.1-SNAPSHOT @ C:\Users\aguilar.dimar23_tria\Desktop\MythosaurShop\WorkSpaceMS\Prueba01TiendaOnline\pom.xml.
2024-05-02 11:00:44,237 [Worker-9: Importing Maven projects] INFO  o.e.m.j.i.AbstractJavaProjectConfigurator - Adding source folder /PilarAguilarTiendaOnline01/src/main/java
2024-05-02 11:00:44,240 [Worker-9: Importing Maven projects] INFO  o.e.m.j.i.AbstractJavaProjectConfigurator - Adding resource folder /PilarAguilarTiendaOnline01/src/main/resources
2024-05-02 11:00:44,241 [Worker-9: Importing Maven projects] INFO  o.e.m.j.i.AbstractJavaProjectConfigurator - Adding resource folder /PilarAguilarTiendaOnline01/src/main/resources
2024-05-02 11:00:44,244 [Worker-9: Importing Maven projects] INFO  o.e.m.j.i.AbstractJavaProjectConfigurator - Adding source folder /PilarAguilarTiendaOnline01/src/test/java
2024-05-02 11:00:44,246 [Worker-9: Importing Maven projects] INFO  o.e.m.j.i.AbstractJavaProjectConfigurator - Adding resource folder /PilarAguilarTiendaOnline01/src/test/resources
2024-05-02 11:00:44,802 [Worker-9: Importing Maven projects] INFO  o.e.m.j.i.AbstractJavaProjectConfigurator - Adding source folder /Prueba01TiendaOnline/src/main/java
2024-05-02 11:00:44,804 [Worker-9: Importing Maven projects] INFO  o.e.m.j.i.AbstractJavaProjectConfigurator - Adding resource folder /Prueba01TiendaOnline/src/main/resources
2024-05-02 11:00:44,805 [Worker-9: Importing Maven projects] INFO  o.e.m.j.i.AbstractJavaProjectConfigurator - Adding resource folder /Prueba01TiendaOnline/src/main/resources
2024-05-02 11:00:44,806 [Worker-9: Importing Maven projects] INFO  o.e.m.j.i.AbstractJavaProjectConfigurator - Adding source folder /Prueba01TiendaOnline/src/test/java
2024-05-02 11:00:44,807 [Worker-9: Importing Maven projects] INFO  o.e.m.j.i.AbstractJavaProjectConfigurator - Adding resource folder /Prueba01TiendaOnline/src/test/resources
2024-05-02 11:00:45,133 [Worker-9: Importing Maven projects] INFO  o.e.m.c.i.p.ProjectConfigurationManager - Imported and configured 2 project(s) in 5 sec
2024-05-02 11:00:46,714 [Worker-4: Updating Maven Project] INFO  o.e.m.c.i.p.ProjectConfigurationManager - Update started
2024-05-02 11:00:47,913 [Worker-4: Updating Maven Project] INFO  o.e.m.c.i.l.LifecycleMappingFactory - Using org.eclipse.m2e.jdt.JarLifecycleMapping lifecycle mapping for MavenProject: com.salesianostriana.dam:prueba01:0.0.1-SNAPSHOT @ C:\Users\aguilar.dimar23_tria\Desktop\MythosaurShop\WorkSpaceMS\Prueba01TiendaOnline\pom.xml.
2024-05-02 11:00:49,178 [Worker-4: Updating Maven Project] INFO  o.e.m.j.i.AbstractJavaProjectConfigurator - Adding source folder /Prueba01TiendaOnline/src/main/java
2024-05-02 11:00:49,178 [Worker-4: Updating Maven Project] INFO  o.e.m.j.i.AbstractJavaProjectConfigurator - Adding resource folder /Prueba01TiendaOnline/src/main/resources
2024-05-02 11:00:49,180 [Worker-4: Updating Maven Project] INFO  o.e.m.j.i.AbstractJavaProjectConfigurator - Adding resource folder /Prueba01TiendaOnline/src/main/resources
2024-05-02 11:00:49,181 [Worker-4: Updating Maven Project] INFO  o.e.m.j.i.AbstractJavaProjectConfigurator - Adding source folder /Prueba01TiendaOnline/src/test/java
2024-05-02 11:00:49,182 [Worker-4: Updating Maven Project] INFO  o.e.m.j.i.AbstractJavaProjectConfigurator - Adding resource folder /Prueba01TiendaOnline/src/test/resources
2024-05-02 11:00:49,796 [Worker-4: Updating Maven Project] INFO  o.e.m.c.i.p.ProjectConfigurationManager - Update completed for 1 poms: local refresh takes 0,00 sec, refresh facades takes 2,00 sec, update config takes 0,00 sec 
2024-05-02 11:00:51,278 [Worker-2: Building] INFO  o.a.m.s.f.DefaultMavenResourcesFiltering - Copying 1 resource from src\main\resources to target\classes
2024-05-02 11:00:51,304 [Worker-2: Building] INFO  o.a.m.s.f.DefaultMavenResourcesFiltering - Copying 0 resource from src\main\resources to target\classes
2024-05-02 11:00:51,308 [Worker-2: Building] INFO  o.a.m.s.f.DefaultMavenResourcesFiltering - skip non existing resourceDirectory C:\Users\aguilar.dimar23_tria\Desktop\MythosaurShop\WorkSpaceMS\PilarAguilarTiendaOnline01\src\test\resources
2024-05-02 11:00:52,335 [Worker-2: Building] INFO  o.a.m.s.f.DefaultMavenResourcesFiltering - Copying 1 resource from src\main\resources to target\classes
2024-05-02 11:00:52,837 [Worker-2: Building] INFO  o.a.m.s.f.DefaultMavenResourcesFiltering - Copying 4 resources from src\main\resources to target\classes
2024-05-02 11:00:52,848 [Worker-2: Building] INFO  o.a.m.s.f.DefaultMavenResourcesFiltering - skip non existing resourceDirectory C:\Users\aguilar.dimar23_tria\Desktop\MythosaurShop\WorkSpaceMS\Prueba01TiendaOnline\src\test\resources
2024-05-07 09:41:44,804 [Worker-0: Loading available Gradle versions] INFO  o.e.b.c.i.u.g.PublishedGradleVersions - Gradle version information cache is out-of-date. Trying to update.
2024-05-07 09:41:56,515 [Worker-1: Building] INFO  o.e.m.c.i.l.LifecycleMappingFactory - Using org.eclipse.m2e.jdt.JarLifecycleMapping lifecycle mapping for MavenProject: com.salesianostriana.dam:pilaraguilartiendaonline01:0.0.1-SNAPSHOT @ C:\Users\aguilar.dimar23_tria\Desktop\MythosaurShop\WorkSpaceMS\PilarAguilarTiendaOnline01\pom.xml.
2024-05-07 09:41:57,497 [Worker-1: Building] INFO  o.a.m.s.f.DefaultMavenResourcesFiltering - Copying 1 resource from src\main\resources to target\classes
2024-05-07 09:41:57,527 [Worker-1: Building] INFO  o.a.m.s.f.DefaultMavenResourcesFiltering - Copying 0 resource from src\main\resources to target\classes
2024-05-07 09:41:57,542 [Worker-1: Building] INFO  o.a.m.s.f.DefaultMavenResourcesFiltering - skip non existing resourceDirectory C:\Users\aguilar.dimar23_tria\Desktop\MythosaurShop\WorkSpaceMS\PilarAguilarTiendaOnline01\src\test\resources
2024-05-07 09:41:59,697 [Worker-2: Building] INFO  o.a.m.s.f.DefaultMavenResourcesFiltering - Copying 1 resource from src\main\resources to target\classes
2024-05-07 09:41:59,711 [Worker-2: Building] INFO  o.a.m.s.f.DefaultMavenResourcesFiltering - Copying 2 resources from src\main\resources to target\classes
2024-05-07 09:41:59,725 [Worker-2: Building] INFO  o.a.m.s.f.DefaultMavenResourcesFiltering - skip non existing resourceDirectory C:\Users\aguilar.dimar23_tria\Desktop\MythosaurShop\WorkSpaceMS\PilarAguilarTiendaOnline01\src\test\resources
2024-05-07 09:42:10,474 [Worker-5: Importing Maven projects] INFO  o.e.m.c.i.l.LifecycleMappingFactory - Using org.eclipse.m2e.jdt.JarLifecycleMapping lifecycle mapping for MavenProject: com.salesianostriana.dam:pilaraguilartiendaonline01:0.0.1-SNAPSHOT @ C:\Users\aguilar.dimar23_tria\Desktop\MythosaurShop\WorkSpaceMS\PilarAguilarTiendaOnline02\pom.xml.
2024-05-07 09:42:11,124 [Worker-5: Importing Maven projects] INFO  o.e.m.j.i.AbstractJavaProjectConfigurator - Adding source folder /PilarAguilarTiendaOnline02/src/main/java
2024-05-07 09:42:11,127 [Worker-5: Importing Maven projects] INFO  o.e.m.j.i.AbstractJavaProjectConfigurator - Adding resource folder /PilarAguilarTiendaOnline02/src/main/resources
2024-05-07 09:42:11,128 [Worker-5: Importing Maven projects] INFO  o.e.m.j.i.AbstractJavaProjectConfigurator - Adding resource folder /PilarAguilarTiendaOnline02/src/main/resources
2024-05-07 09:42:11,129 [Worker-5: Importing Maven projects] INFO  o.e.m.j.i.AbstractJavaProjectConfigurator - Adding source folder /PilarAguilarTiendaOnline02/src/test/java
2024-05-07 09:42:11,131 [Worker-5: Importing Maven projects] INFO  o.e.m.j.i.AbstractJavaProjectConfigurator - Adding resource folder /PilarAguilarTiendaOnline02/src/test/resources
2024-05-07 09:42:11,429 [Worker-5: Importing Maven projects] INFO  o.e.m.c.i.p.ProjectConfigurationManager - Imported and configured 1 project(s) in 1 sec
2024-05-07 09:42:13,007 [Worker-0: Building] INFO  o.a.m.s.f.DefaultMavenResourcesFiltering - Copying 1 resource from src\main\resources to target\classes
2024-05-07 09:42:13,021 [Worker-0: Building] INFO  o.a.m.s.f.DefaultMavenResourcesFiltering - Copying 8 resources from src\main\resources to target\classes
2024-05-07 09:42:13,037 [Worker-0: Building] INFO  o.a.m.s.f.DefaultMavenResourcesFiltering - skip non existing resourceDirectory C:\Users\aguilar.dimar23_tria\Desktop\MythosaurShop\WorkSpaceMS\PilarAguilarTiendaOnline02\src\test\resources
2024-05-07 09:42:58,417 [Worker-7: Building] INFO  o.a.m.s.f.DefaultMavenResourcesFiltering - Copying 1 resource from src\main\resources to target\classes
2024-05-07 09:42:58,423 [Worker-7: Building] INFO  o.a.m.s.f.DefaultMavenResourcesFiltering - Copying 8 resources from src\main\resources to target\classes
2024-05-07 09:42:58,429 [Worker-7: Building] INFO  o.a.m.s.f.DefaultMavenResourcesFiltering - skip non existing resourceDirectory C:\Users\aguilar.dimar23_tria\Desktop\MythosaurShop\WorkSpaceMS\PilarAguilarTiendaOnline02\src\test\resources
2024-05-07 10:12:43,486 [Worker-13: Building] INFO  o.a.m.s.f.DefaultMavenResourcesFiltering - Copying 0 resource from src\main\resources to target\classes
2024-05-07 10:12:43,489 [Worker-13: Building] INFO  o.a.m.s.f.DefaultMavenResourcesFiltering - Copying 1 resource from src\main\resources to target\classes
2024-05-07 10:12:43,494 [Worker-13: Building] INFO  o.a.m.s.f.DefaultMavenResourcesFiltering - skip non existing resourceDirectory C:\Users\aguilar.dimar23_tria\Desktop\MythosaurShop\WorkSpaceMS\PilarAguilarTiendaOnline02\src\test\resources
2024-05-07 10:13:31,464 [Worker-11: Building] INFO  o.a.m.s.f.DefaultMavenResourcesFiltering - Copying 1 resource from src\main\resources to target\classes
2024-05-07 10:13:31,471 [Worker-11: Building] INFO  o.a.m.s.f.DefaultMavenResourcesFiltering - Copying 8 resources from src\main\resources to target\classes
2024-05-07 10:13:31,476 [Worker-11: Building] INFO  o.a.m.s.f.DefaultMavenResourcesFiltering - skip non existing resourceDirectory C:\Users\aguilar.dimar23_tria\Desktop\MythosaurShop\WorkSpaceMS\PilarAguilarTiendaOnline02\src\test\resources
2024-05-07 10:14:56,787 [Worker-14: Building] INFO  o.a.m.s.f.DefaultMavenResourcesFiltering - Copying 1 resource from src\main\resources to target\classes
2024-05-07 10:14:56,793 [Worker-14: Building] INFO  o.a.m.s.f.DefaultMavenResourcesFiltering - Copying 8 resources from src\main\resources to target\classes
2024-05-07 10:14:56,798 [Worker-14: Building] INFO  o.a.m.s.f.DefaultMavenResourcesFiltering - skip non existing resourceDirectory C:\Users\aguilar.dimar23_tria\Desktop\MythosaurShop\WorkSpaceMS\PilarAguilarTiendaOnline02\src\test\resources
2024-05-07 10:20:00,713 [Worker-20: Building] INFO  o.a.m.s.f.DefaultMavenResourcesFiltering - Copying 1 resource from src\main\resources to target\classes
2024-05-07 10:20:00,720 [Worker-20: Building] INFO  o.a.m.s.f.DefaultMavenResourcesFiltering - Copying 8 resources from src\main\resources to target\classes
2024-05-07 10:20:00,726 [Worker-20: Building] INFO  o.a.m.s.f.DefaultMavenResourcesFiltering - skip non existing resourceDirectory C:\Users\aguilar.dimar23_tria\Desktop\MythosaurShop\WorkSpaceMS\PilarAguilarTiendaOnline02\src\test\resources
2024-05-07 10:21:32,217 [Worker-18: Building] INFO  o.a.m.s.f.DefaultMavenResourcesFiltering - Copying 1 resource from src\main\resources to target\classes
2024-05-07 10:21:32,223 [Worker-18: Building] INFO  o.a.m.s.f.DefaultMavenResourcesFiltering - Copying 8 resources from src\main\resources to target\classes
2024-05-07 10:21:32,228 [Worker-18: Building] INFO  o.a.m.s.f.DefaultMavenResourcesFiltering - skip non existing resourceDirectory C:\Users\aguilar.dimar23_tria\Desktop\MythosaurShop\WorkSpaceMS\PilarAguilarTiendaOnline02\src\test\resources
2024-05-07 10:21:42,446 [Worker-18: Building] INFO  o.a.m.s.f.DefaultMavenResourcesFiltering - Copying 1 resource from src\main\resources to target\classes
2024-05-07 10:21:42,453 [Worker-18: Building] INFO  o.a.m.s.f.DefaultMavenResourcesFiltering - Copying 8 resources from src\main\resources to target\classes
2024-05-07 10:21:42,460 [Worker-18: Building] INFO  o.a.m.s.f.DefaultMavenResourcesFiltering - skip non existing resourceDirectory C:\Users\aguilar.dimar23_tria\Desktop\MythosaurShop\WorkSpaceMS\PilarAguilarTiendaOnline02\src\test\resources
2024-05-07 10:29:03,643 [Worker-24: Building] INFO  o.a.m.s.f.DefaultMavenResourcesFiltering - Copying 0 resource from src\main\resources to target\classes
2024-05-07 10:29:03,645 [Worker-24: Building] INFO  o.a.m.s.f.DefaultMavenResourcesFiltering - Copying 1 resource from src\main\resources to target\classes
2024-05-07 10:29:03,649 [Worker-24: Building] INFO  o.a.m.s.f.DefaultMavenResourcesFiltering - skip non existing resourceDirectory C:\Users\aguilar.dimar23_tria\Desktop\MythosaurShop\WorkSpaceMS\PilarAguilarTiendaOnline02\src\test\resources
2024-05-07 10:34:04,781 [Worker-23: Building] INFO  o.a.m.s.f.DefaultMavenResourcesFiltering - Copying 0 resource from src\main\resources to target\classes
2024-05-07 10:34:04,783 [Worker-23: Building] INFO  o.a.m.s.f.DefaultMavenResourcesFiltering - Copying 1 resource from src\main\resources to target\classes
2024-05-07 10:34:04,787 [Worker-23: Building] INFO  o.a.m.s.f.DefaultMavenResourcesFiltering - skip non existing resourceDirectory C:\Users\aguilar.dimar23_tria\Desktop\MythosaurShop\WorkSpaceMS\PilarAguilarTiendaOnline02\src\test\resources
2024-05-07 10:39:08,597 [Worker-31: Building] INFO  o.a.m.s.f.DefaultMavenResourcesFiltering - Copying 0 resource from src\main\resources to target\classes
2024-05-07 10:39:08,600 [Worker-31: Building] INFO  o.a.m.s.f.DefaultMavenResourcesFiltering - Copying 1 resource from src\main\resources to target\classes
2024-05-07 10:39:08,604 [Worker-31: Building] INFO  o.a.m.s.f.DefaultMavenResourcesFiltering - skip non existing resourceDirectory C:\Users\aguilar.dimar23_tria\Desktop\MythosaurShop\WorkSpaceMS\PilarAguilarTiendaOnline02\src\test\resources
2024-05-07 10:41:28,617 [Worker-37: Building] INFO  o.a.m.s.f.DefaultMavenResourcesFiltering - Copying 1 resource from src\main\resources to target\classes
2024-05-07 10:41:28,624 [Worker-37: Building] INFO  o.a.m.s.f.DefaultMavenResourcesFiltering - Copying 8 resources from src\main\resources to target\classes
2024-05-07 10:41:28,630 [Worker-37: Building] INFO  o.a.m.s.f.DefaultMavenResourcesFiltering - skip non existing resourceDirectory C:\Users\aguilar.dimar23_tria\Desktop\MythosaurShop\WorkSpaceMS\PilarAguilarTiendaOnline02\src\test\resources
2024-05-07 10:45:20,060 [Worker-39: Building] INFO  o.a.m.s.f.DefaultMavenResourcesFiltering - Copying 1 resource from src\main\resources to target\classes
2024-05-07 10:45:20,086 [Worker-39: Building] INFO  o.a.m.s.f.DefaultMavenResourcesFiltering - Copying 8 resources from src\main\resources to target\classes
2024-05-07 10:45:20,093 [Worker-39: Building] INFO  o.a.m.s.f.DefaultMavenResourcesFiltering - skip non existing resourceDirectory C:\Users\aguilar.dimar23_tria\Desktop\MythosaurShop\WorkSpaceMS\PilarAguilarTiendaOnline02\src\test\resources
2024-05-07 10:45:40,637 [Worker-37: Building] INFO  o.a.m.s.f.DefaultMavenResourcesFiltering - Copying 1 resource from src\main\resources to target\classes
2024-05-07 10:45:40,667 [Worker-37: Building] INFO  o.a.m.s.f.DefaultMavenResourcesFiltering - Copying 8 resources from src\main\resources to target\classes
2024-05-07 10:45:40,675 [Worker-37: Building] INFO  o.a.m.s.f.DefaultMavenResourcesFiltering - skip non existing resourceDirectory C:\Users\aguilar.dimar23_tria\Desktop\MythosaurShop\WorkSpaceMS\PilarAguilarTiendaOnline02\src\test\resources
2024-05-07 10:45:46,876 [Worker-39: Building] INFO  o.a.m.s.f.DefaultMavenResourcesFiltering - Copying 1 resource from src\main\resources to target\classes
2024-05-07 10:45:46,904 [Worker-39: Building] INFO  o.a.m.s.f.DefaultMavenResourcesFiltering - Copying 8 resources from src\main\resources to target\classes
2024-05-07 10:45:46,909 [Worker-39: Building] INFO  o.a.m.s.f.DefaultMavenResourcesFiltering - skip non existing resourceDirectory C:\Users\aguilar.dimar23_tria\Desktop\MythosaurShop\WorkSpaceMS\PilarAguilarTiendaOnline02\src\test\resources
2024-05-07 10:47:33,144 [Worker-33: Building] INFO  o.a.m.s.f.DefaultMavenResourcesFiltering - Copying 1 resource from src\main\resources to target\classes
2024-05-07 10:47:33,148 [Worker-33: Building] INFO  o.a.m.s.f.DefaultMavenResourcesFiltering - Copying 8 resources from src\main\resources to target\classes
2024-05-07 10:47:33,153 [Worker-33: Building] INFO  o.a.m.s.f.DefaultMavenResourcesFiltering - skip non existing resourceDirectory C:\Users\aguilar.dimar23_tria\Desktop\MythosaurShop\WorkSpaceMS\PilarAguilarTiendaOnline02\src\test\resources
2024-05-07 10:48:32,159 [Worker-42: Building] INFO  o.a.m.s.f.DefaultMavenResourcesFiltering - Copying 1 resource from src\main\resources to target\classes
2024-05-07 10:48:32,165 [Worker-42: Building] INFO  o.a.m.s.f.DefaultMavenResourcesFiltering - Copying 8 resources from src\main\resources to target\classes
2024-05-07 10:48:32,171 [Worker-42: Building] INFO  o.a.m.s.f.DefaultMavenResourcesFiltering - skip non existing resourceDirectory C:\Users\aguilar.dimar23_tria\Desktop\MythosaurShop\WorkSpaceMS\PilarAguilarTiendaOnline02\src\test\resources
2024-05-07 10:49:35,029 [Worker-42: Building] INFO  o.a.m.s.f.DefaultMavenResourcesFiltering - Copying 1 resource from src\main\resources to target\classes
2024-05-07 10:49:35,034 [Worker-42: Building] INFO  o.a.m.s.f.DefaultMavenResourcesFiltering - Copying 8 resources from src\main\resources to target\classes
2024-05-07 10:49:35,040 [Worker-42: Building] INFO  o.a.m.s.f.DefaultMavenResourcesFiltering - skip non existing resourceDirectory C:\Users\aguilar.dimar23_tria\Desktop\MythosaurShop\WorkSpaceMS\PilarAguilarTiendaOnline02\src\test\resources
2024-05-07 10:49:44,045 [Worker-42: Building] INFO  o.a.m.s.f.DefaultMavenResourcesFiltering - Copying 1 resource from src\main\resources to target\classes
2024-05-07 10:49:44,050 [Worker-42: Building] INFO  o.a.m.s.f.DefaultMavenResourcesFiltering - Copying 8 resources from src\main\resources to target\classes
2024-05-07 10:49:44,055 [Worker-42: Building] INFO  o.a.m.s.f.DefaultMavenResourcesFiltering - skip non existing resourceDirectory C:\Users\aguilar.dimar23_tria\Desktop\MythosaurShop\WorkSpaceMS\PilarAguilarTiendaOnline02\src\test\resources
2024-05-07 10:49:48,368 [Worker-44: Building] INFO  o.a.m.s.f.DefaultMavenResourcesFiltering - Copying 1 resource from src\main\resources to target\classes
2024-05-07 10:49:48,402 [Worker-44: Building] INFO  o.a.m.s.f.DefaultMavenResourcesFiltering - Copying 8 resources from src\main\resources to target\classes
2024-05-07 10:49:48,407 [Worker-44: Building] INFO  o.a.m.s.f.DefaultMavenResourcesFiltering - skip non existing resourceDirectory C:\Users\aguilar.dimar23_tria\Desktop\MythosaurShop\WorkSpaceMS\PilarAguilarTiendaOnline02\src\test\resources
